<?xml version="1.0" encoding="UTF-8"?>
<!-- Generated by org.testng.reporters.JUnitXMLReporter -->
<testsuite ignored="32" hostname="SOOSANui-MacBookAir.local" failures="0" tests="1" name="Default test" time="33.794" errors="0" timestamp="2023-08-18T14:45:31 KST">
  <testcase classname="eWalker_SSL_VPN_V10.eWalker_SSL_VPN_iOS_launch" name="I04_T03" time="33.19"/>
  <testcase classname="eWalker_SSL_VPN_V10.eWalker_SSL_VPN_iOS_launch" name="I06_T03" time="0.0">
    <ignored/>
  </testcase> <!-- I06_T03 -->
  <testcase classname="eWalker_SSL_VPN_V10.eWalker_SSL_VPN_iOS_launch" name="I06_T02" time="0.0">
    <ignored/>
  </testcase> <!-- I06_T02 -->
  <testcase classname="eWalker_SSL_VPN_V10.eWalker_SSL_VPN_iOS_launch" name="I06_T01" time="0.0">
    <ignored/>
  </testcase> <!-- I06_T01 -->
  <testcase classname="eWalker_SSL_VPN_V10.eWalker_SSL_VPN_iOS_launch" name="I06_T06" time="0.0">
    <ignored/>
  </testcase> <!-- I06_T06 -->
  <testcase classname="eWalker_SSL_VPN_V10.eWalker_SSL_VPN_iOS_launch" name="I02_T02" time="0.0">
    <ignored/>
  </testcase> <!-- I02_T02 -->
  <testcase classname="eWalker_SSL_VPN_V10.eWalker_SSL_VPN_iOS_launch" name="I06_T05" time="0.0">
    <ignored/>
  </testcase> <!-- I06_T05 -->
  <testcase classname="eWalker_SSL_VPN_V10.eWalker_SSL_VPN_iOS_launch" name="I02_T01" time="0.0">
    <ignored/>
  </testcase> <!-- I02_T01 -->
  <testcase classname="eWalker_SSL_VPN_V10.eWalker_SSL_VPN_iOS_launch" name="I05_T03" time="0.0">
    <ignored/>
  </testcase> <!-- I05_T03 -->
  <testcase classname="eWalker_SSL_VPN_V10.eWalker_SSL_VPN_iOS_launch" name="I05_T04" time="0.0">
    <ignored/>
  </testcase> <!-- I05_T04 -->
  <testcase classname="eWalker_SSL_VPN_V10.eWalker_SSL_VPN_iOS_launch" name="I05_T01" time="0.0">
    <ignored/>
  </testcase> <!-- I05_T01 -->
  <testcase classname="eWalker_SSL_VPN_V10.eWalker_SSL_VPN_iOS_launch" name="I05_T02" time="0.0">
    <ignored/>
  </testcase> <!-- I05_T02 -->
  <testcase classname="eWalker_SSL_VPN_V10.eWalker_SSL_VPN_iOS_launch" name="I05_T07" time="0.0">
    <ignored/>
  </testcase> <!-- I05_T07 -->
  <testcase classname="eWalker_SSL_VPN_V10.eWalker_SSL_VPN_iOS_launch" name="I01_T01" time="0.0">
    <ignored/>
  </testcase> <!-- I01_T01 -->
  <testcase classname="eWalker_SSL_VPN_V10.eWalker_SSL_VPN_iOS_launch" name="I05_T05" time="0.0">
    <ignored/>
  </testcase> <!-- I05_T05 -->
  <testcase classname="eWalker_SSL_VPN_V10.eWalker_SSL_VPN_iOS_launch" name="I05_T06" time="0.0">
    <ignored/>
  </testcase> <!-- I05_T06 -->
  <testcase classname="eWalker_SSL_VPN_V10.eWalker_SSL_VPN_iOS_launch" name="I08_T01" time="0.0">
    <ignored/>
  </testcase> <!-- I08_T01 -->
  <testcase classname="eWalker_SSL_VPN_V10.eWalker_SSL_VPN_iOS_launch" name="I04_T07" time="0.0">
    <ignored/>
  </testcase> <!-- I04_T07 -->
  <testcase classname="eWalker_SSL_VPN_V10.eWalker_SSL_VPN_iOS_launch" name="I04_T06" time="0.0">
    <ignored/>
  </testcase> <!-- I04_T06 -->
  <testcase classname="eWalker_SSL_VPN_V10.eWalker_SSL_VPN_iOS_launch" name="I04_T08" time="0.0">
    <ignored/>
  </testcase> <!-- I04_T08 -->
  <testcase classname="eWalker_SSL_VPN_V10.eWalker_SSL_VPN_iOS_launch" name="I04_T05" time="0.0">
    <ignored/>
  </testcase> <!-- I04_T05 -->
  <testcase classname="eWalker_SSL_VPN_V10.eWalker_SSL_VPN_iOS_launch" name="I04_T02" time="0.0">
    <ignored/>
  </testcase> <!-- I04_T02 -->
  <testcase classname="eWalker_SSL_VPN_V10.eWalker_SSL_VPN_iOS_launch" name="I08_T03" time="0.0">
    <ignored/>
  </testcase> <!-- I08_T03 -->
  <testcase classname="eWalker_SSL_VPN_V10.eWalker_SSL_VPN_iOS_launch" name="I04_T04" time="0.0">
    <ignored/>
  </testcase> <!-- I04_T04 -->
  <testcase classname="eWalker_SSL_VPN_V10.eWalker_SSL_VPN_iOS_launch" name="I04_T01" time="0.0">
    <ignored/>
  </testcase> <!-- I04_T01 -->
  <testcase classname="eWalker_SSL_VPN_V10.eWalker_SSL_VPN_iOS_launch" name="I08_T04" time="0.0">
    <ignored/>
  </testcase> <!-- I08_T04 -->
  <testcase classname="eWalker_SSL_VPN_V10.eWalker_SSL_VPN_iOS_launch" name="I07_T01" time="0.0">
    <ignored/>
  </testcase> <!-- I07_T01 -->
  <testcase classname="eWalker_SSL_VPN_V10.eWalker_SSL_VPN_iOS_launch" name="I07_T04" time="0.0">
    <ignored/>
  </testcase> <!-- I07_T04 -->
  <testcase classname="eWalker_SSL_VPN_V10.eWalker_SSL_VPN_iOS_launch" name="I03_T03" time="0.0">
    <ignored/>
  </testcase> <!-- I03_T03 -->
  <testcase classname="eWalker_SSL_VPN_V10.eWalker_SSL_VPN_iOS_launch" name="I07_T05" time="0.0">
    <ignored/>
  </testcase> <!-- I07_T05 -->
  <testcase classname="eWalker_SSL_VPN_V10.eWalker_SSL_VPN_iOS_launch" name="I03_T01" time="0.0">
    <ignored/>
  </testcase> <!-- I03_T01 -->
  <testcase classname="eWalker_SSL_VPN_V10.eWalker_SSL_VPN_iOS_launch" name="I03_T02" time="0.0">
    <ignored/>
  </testcase> <!-- I03_T02 -->
  <testcase classname="eWalker_SSL_VPN_V10.eWalker_SSL_VPN_iOS_launch" name="I07_T03" time="0.0">
    <ignored/>
  </testcase> <!-- I07_T03 -->
</testsuite> <!-- Default test -->
