<?xml version="1.0" encoding="UTF-8"?>
<!-- Generated by org.testng.reporters.JUnitXMLReporter -->
<testsuite ignored="45" hostname="SOOSANui-MacBookAir.local" failures="0" tests="1" name="Default test" time="65.665" errors="0" timestamp="2023-08-21T14:06:41 KST">
  <testcase classname="eWalker_SSL_VPN_V10.eWalker_SSL_VPN_Android_launch" name="A03_T03" time="61.116"/>
  <testcase classname="eWalker_SSL_VPN_V10.eWalker_SSL_VPN_Android_launch" name="A11_T01" time="0.0">
    <ignored/>
  </testcase> <!-- A11_T01 -->
  <testcase classname="eWalker_SSL_VPN_V10.eWalker_SSL_VPN_Android_launch" name="A09_T04" time="0.0">
    <ignored/>
  </testcase> <!-- A09_T04 -->
  <testcase classname="eWalker_SSL_VPN_V10.eWalker_SSL_VPN_Android_launch" name="A09_T05" time="0.0">
    <ignored/>
  </testcase> <!-- A09_T05 -->
  <testcase classname="eWalker_SSL_VPN_V10.eWalker_SSL_VPN_Android_launch" name="A11_T02" time="0.0">
    <ignored/>
  </testcase> <!-- A11_T02 -->
  <testcase classname="eWalker_SSL_VPN_V10.eWalker_SSL_VPN_Android_launch" name="A09_T01" time="0.0">
    <ignored/>
  </testcase> <!-- A09_T01 -->
  <testcase classname="eWalker_SSL_VPN_V10.eWalker_SSL_VPN_Android_launch" name="A07_T01" time="0.0">
    <ignored/>
  </testcase> <!-- A07_T01 -->
  <testcase classname="eWalker_SSL_VPN_V10.eWalker_SSL_VPN_Android_launch" name="A09_T03" time="0.0">
    <ignored/>
  </testcase> <!-- A09_T03 -->
  <testcase classname="eWalker_SSL_VPN_V10.eWalker_SSL_VPN_Android_launch" name="A03_T01" time="0.0">
    <ignored/>
  </testcase> <!-- A03_T01 -->
  <testcase classname="eWalker_SSL_VPN_V10.eWalker_SSL_VPN_Android_launch" name="A04_T09" time="0.0">
    <ignored/>
  </testcase> <!-- A04_T09 -->
  <testcase classname="eWalker_SSL_VPN_V10.eWalker_SSL_VPN_Android_launch" name="A04_T08" time="0.0">
    <ignored/>
  </testcase> <!-- A04_T08 -->
  <testcase classname="eWalker_SSL_VPN_V10.eWalker_SSL_VPN_Android_launch" name="A03_T02" time="0.0">
    <ignored/>
  </testcase> <!-- A03_T02 -->
  <testcase classname="eWalker_SSL_VPN_V10.eWalker_SSL_VPN_Android_launch" name="A04_T07" time="0.0">
    <ignored/>
  </testcase> <!-- A04_T07 -->
  <testcase classname="eWalker_SSL_VPN_V10.eWalker_SSL_VPN_Android_launch" name="A04_T06" time="0.0">
    <ignored/>
  </testcase> <!-- A04_T06 -->
  <testcase classname="eWalker_SSL_VPN_V10.eWalker_SSL_VPN_Android_launch" name="A04_T05" time="0.0">
    <ignored/>
  </testcase> <!-- A04_T05 -->
  <testcase classname="eWalker_SSL_VPN_V10.eWalker_SSL_VPN_Android_launch" name="A10_T04" time="0.0">
    <ignored/>
  </testcase> <!-- A10_T04 -->
  <testcase classname="eWalker_SSL_VPN_V10.eWalker_SSL_VPN_Android_launch" name="A10_T05" time="0.0">
    <ignored/>
  </testcase> <!-- A10_T05 -->
  <testcase classname="eWalker_SSL_VPN_V10.eWalker_SSL_VPN_Android_launch" name="A10_T03" time="0.0">
    <ignored/>
  </testcase> <!-- A10_T03 -->
  <testcase classname="eWalker_SSL_VPN_V10.eWalker_SSL_VPN_Android_launch" name="A06_T01" time="0.0">
    <ignored/>
  </testcase> <!-- A06_T01 -->
  <testcase classname="eWalker_SSL_VPN_V10.eWalker_SSL_VPN_Android_launch" name="A06_T02" time="0.0">
    <ignored/>
  </testcase> <!-- A06_T02 -->
  <testcase classname="eWalker_SSL_VPN_V10.eWalker_SSL_VPN_Android_launch" name="A02_T02" time="0.0">
    <ignored/>
  </testcase> <!-- A02_T02 -->
  <testcase classname="eWalker_SSL_VPN_V10.eWalker_SSL_VPN_Android_launch" name="A02_T01" time="0.0">
    <ignored/>
  </testcase> <!-- A02_T01 -->
  <testcase classname="eWalker_SSL_VPN_V10.eWalker_SSL_VPN_Android_launch" name="A05_T05" time="0.0">
    <ignored/>
  </testcase> <!-- A05_T05 -->
  <testcase classname="eWalker_SSL_VPN_V10.eWalker_SSL_VPN_Android_launch" name="A10_T01" time="0.0">
    <ignored/>
  </testcase> <!-- A10_T01 -->
  <testcase classname="eWalker_SSL_VPN_V10.eWalker_SSL_VPN_Android_launch" name="A02_T05" time="0.0">
    <ignored/>
  </testcase> <!-- A02_T05 -->
  <testcase classname="eWalker_SSL_VPN_V10.eWalker_SSL_VPN_Android_launch" name="A05_T04" time="0.0">
    <ignored/>
  </testcase> <!-- A05_T04 -->
  <testcase classname="eWalker_SSL_VPN_V10.eWalker_SSL_VPN_Android_launch" name="A05_T07" time="0.0">
    <ignored/>
  </testcase> <!-- A05_T07 -->
  <testcase classname="eWalker_SSL_VPN_V10.eWalker_SSL_VPN_Android_launch" name="A02_T03" time="0.0">
    <ignored/>
  </testcase> <!-- A02_T03 -->
  <testcase classname="eWalker_SSL_VPN_V10.eWalker_SSL_VPN_Android_launch" name="A05_T06" time="0.0">
    <ignored/>
  </testcase> <!-- A05_T06 -->
  <testcase classname="eWalker_SSL_VPN_V10.eWalker_SSL_VPN_Android_launch" name="A05_T01" time="0.0">
    <ignored/>
  </testcase> <!-- A05_T01 -->
  <testcase classname="eWalker_SSL_VPN_V10.eWalker_SSL_VPN_Android_launch" name="A05_T03" time="0.0">
    <ignored/>
  </testcase> <!-- A05_T03 -->
  <testcase classname="eWalker_SSL_VPN_V10.eWalker_SSL_VPN_Android_launch" name="A05_T02" time="0.0">
    <ignored/>
  </testcase> <!-- A05_T02 -->
  <testcase classname="eWalker_SSL_VPN_V10.eWalker_SSL_VPN_Android_launch" name="A06_T05" time="0.0">
    <ignored/>
  </testcase> <!-- A06_T05 -->
  <testcase classname="eWalker_SSL_VPN_V10.eWalker_SSL_VPN_Android_launch" name="A06_T06" time="0.0">
    <ignored/>
  </testcase> <!-- A06_T06 -->
  <testcase classname="eWalker_SSL_VPN_V10.eWalker_SSL_VPN_Android_launch" name="A06_T03" time="0.0">
    <ignored/>
  </testcase> <!-- A06_T03 -->
  <testcase classname="eWalker_SSL_VPN_V10.eWalker_SSL_VPN_Android_launch" name="A01_T01" time="0.0">
    <ignored/>
  </testcase> <!-- A01_T01 -->
  <testcase classname="eWalker_SSL_VPN_V10.eWalker_SSL_VPN_Android_launch" name="A04_T04" time="0.0">
    <ignored/>
  </testcase> <!-- A04_T04 -->
  <testcase classname="eWalker_SSL_VPN_V10.eWalker_SSL_VPN_Android_launch" name="A04_T03" time="0.0">
    <ignored/>
  </testcase> <!-- A04_T03 -->
  <testcase classname="eWalker_SSL_VPN_V10.eWalker_SSL_VPN_Android_launch" name="A04_T02" time="0.0">
    <ignored/>
  </testcase> <!-- A04_T02 -->
  <testcase classname="eWalker_SSL_VPN_V10.eWalker_SSL_VPN_Android_launch" name="A08_T05" time="0.0">
    <ignored/>
  </testcase> <!-- A08_T05 -->
  <testcase classname="eWalker_SSL_VPN_V10.eWalker_SSL_VPN_Android_launch" name="A04_T01" time="0.0">
    <ignored/>
  </testcase> <!-- A04_T01 -->
  <testcase classname="eWalker_SSL_VPN_V10.eWalker_SSL_VPN_Android_launch" name="A08_T04" time="0.0">
    <ignored/>
  </testcase> <!-- A08_T04 -->
  <testcase classname="eWalker_SSL_VPN_V10.eWalker_SSL_VPN_Android_launch" name="A08_T01" time="0.0">
    <ignored/>
  </testcase> <!-- A08_T01 -->
  <testcase classname="eWalker_SSL_VPN_V10.eWalker_SSL_VPN_Android_launch" name="A07_T03" time="0.0">
    <ignored/>
  </testcase> <!-- A07_T03 -->
  <testcase classname="eWalker_SSL_VPN_V10.eWalker_SSL_VPN_Android_launch" name="A07_T04" time="0.0">
    <ignored/>
  </testcase> <!-- A07_T04 -->
  <testcase classname="eWalker_SSL_VPN_V10.eWalker_SSL_VPN_Android_launch" name="A07_T05" time="0.0">
    <ignored/>
  </testcase> <!-- A07_T05 -->
</testsuite> <!-- Default test -->
