<?xml version="1.0" encoding="UTF-8"?>
<testng-results ignored="32" total="33" passed="1" failed="0" skipped="0">
  <reporter-output>
  </reporter-output>
  <suite started-at="2023-08-18T14:44:57 KST" name="Default suite" finished-at="2023-08-18T14:45:31 KST" duration-ms="33794">
    <groups>
    </groups>
    <test started-at="2023-08-18T14:44:57 KST" name="Default test" finished-at="2023-08-18T14:45:31 KST" duration-ms="33794">
      <class name="eWalker_SSL_VPN_V10.eWalker_SSL_VPN_iOS_launch">
        <test-method is-config="true" signature="beforeTest()[pri:0, instance:eWalker_SSL_VPN_V10.eWalker_SSL_VPN_iOS_launch@49912c99]" started-at="2023-08-18T14:44:57 KST" name="beforeTest" finished-at="2023-08-18T14:44:58 KST" duration-ms="589" status="PASS">
          <reporter-output>
          </reporter-output>
        </test-method> <!-- beforeTest -->
        <test-method signature="I04_T03()[pri:5, instance:eWalker_SSL_VPN_V10.eWalker_SSL_VPN_iOS_launch@49912c99]" started-at="2023-08-18T14:44:58 KST" name="I04_T03" finished-at="2023-08-18T14:45:31 KST" duration-ms="33190" status="PASS">
          <reporter-output>
          </reporter-output>
        </test-method> <!-- I04_T03 -->
        <test-method is-config="true" signature="afterTest()[pri:0, instance:eWalker_SSL_VPN_V10.eWalker_SSL_VPN_iOS_launch@49912c99]" started-at="2023-08-18T14:45:31 KST" name="afterTest" finished-at="2023-08-18T14:45:31 KST" duration-ms="1" status="PASS">
          <reporter-output>
          </reporter-output>
        </test-method> <!-- afterTest -->
      </class> <!-- eWalker_SSL_VPN_V10.eWalker_SSL_VPN_iOS_launch -->
    </test> <!-- Default test -->
  </suite> <!-- Default suite -->
</testng-results>
