<?xml version="1.0" encoding="UTF-8"?>
<testng-results ignored="29" total="30" passed="1" failed="0" skipped="0">
  <reporter-output>
  </reporter-output>
  <suite started-at="2023-08-17T11:36:33 KST" name="Default suite" finished-at="2023-08-17T11:39:49 KST" duration-ms="196016">
    <groups>
    </groups>
    <test started-at="2023-08-17T11:36:33 KST" name="Default test" finished-at="2023-08-17T11:39:49 KST" duration-ms="196016">
      <class name="eWalker_SSL_VPN_V10.eWalker_SSL_VPN_iOS_launch">
        <test-method is-config="true" signature="beforeTest()[pri:0, instance:eWalker_SSL_VPN_V10.eWalker_SSL_VPN_iOS_launch@306f16f3]" started-at="2023-08-17T11:36:33 KST" name="beforeTest" finished-at="2023-08-17T11:36:34 KST" duration-ms="649" status="PASS">
          <reporter-output>
          </reporter-output>
        </test-method> <!-- beforeTest -->
        <test-method signature="I07_T05()[pri:5, instance:eWalker_SSL_VPN_V10.eWalker_SSL_VPN_iOS_launch@306f16f3]" started-at="2023-08-17T11:36:34 KST" name="I07_T05" finished-at="2023-08-17T11:39:49 KST" duration-ms="195353" status="PASS">
          <reporter-output>
          </reporter-output>
        </test-method> <!-- I07_T05 -->
        <test-method is-config="true" signature="afterTest()[pri:0, instance:eWalker_SSL_VPN_V10.eWalker_SSL_VPN_iOS_launch@306f16f3]" started-at="2023-08-17T11:39:49 KST" name="afterTest" finished-at="2023-08-17T11:39:49 KST" duration-ms="0" status="PASS">
          <reporter-output>
          </reporter-output>
        </test-method> <!-- afterTest -->
      </class> <!-- eWalker_SSL_VPN_V10.eWalker_SSL_VPN_iOS_launch -->
    </test> <!-- Default test -->
  </suite> <!-- Default suite -->
</testng-results>
